2019-04-05 10:08:27 INFO  (LoggingInitialization) Using log config file: jar:file:/opt/ghidra/Ghidra/Framework/Generic/lib/Generic.jar!/generic.log4j.xml  
2019-04-05 10:08:27 INFO  (LoggingInitialization) Using log file: /home/valorin/.ghidra/.ghidra-9.0.1/application.log  
2019-04-05 10:08:27 INFO  (Preferences) Loading user preferences: /home/valorin/.ghidra/.ghidra-9.0.1/preferences  
2019-04-05 10:08:32 INFO  (ClassSearcher) Class search complete (854 ms)  
2019-04-05 10:08:32 INFO  (SSLContextInitializer) Initializing SSL Context  
2019-04-05 10:08:32 INFO  (SecureRandomFactory) Initializing Random Number Generator...  
2019-04-05 10:08:32 INFO  (SecureRandomFactory) Random Number Generator initialization complete: NativePRNGNonBlocking  
2019-04-05 10:08:32 INFO  (ApplicationTrustManagerFactory) Trust manager disabled, cacerts have not been set  
2019-04-05 10:08:32 INFO  (GhidraRun) User valorin started Ghidra.  
2019-04-05 10:08:32 DEBUG (DefaultProjectManager) No tools found; Installing default tools  
2019-04-05 10:08:33 DEBUG (RecoverySnapshotMgrPlugin) Recovery snapshot timer set to 5 minute(s)  
2019-04-05 10:10:12 INFO  (DefaultProject) Creating project: /home/valorin/workon/gissa2  
2019-04-05 10:11:24 INFO  (FileCache) Starting cache cleanup: /tmp/valorin-Ghidra/fscache  
2019-04-05 10:11:24 INFO  (FileCache) Finished cache cleanup, estimated storage used: 0  
2019-04-05 10:11:24 DEBUG (JadProcessWrapper) os/linux64/jad does not exist  
2019-04-05 10:11:24 DEBUG (JadProcessWrapper) Java Decompiler (JAD) not present, some features not available until installed in:  
2019-04-05 10:11:24 DEBUG (JadProcessWrapper)   Ghidra/Features/FileFormats/os/[your_os]/jad[.exe]  
2019-04-05 10:11:24 DEBUG (JadProcessWrapper) and Ghidra is restarted  
2019-04-05 10:11:24 DEBUG (QueryOpinionService) parsing /opt/ghidra/Ghidra/Processors/68000/data/languages/68000.opinion  
2019-04-05 10:11:24 DEBUG (QueryOpinionService) parsing /opt/ghidra/Ghidra/Processors/AARCH64/data/languages/AARCH64.opinion  
2019-04-05 10:11:24 DEBUG (QueryOpinionService) parsing /opt/ghidra/Ghidra/Processors/ARM/data/languages/ARM.opinion  
2019-04-05 10:11:24 DEBUG (QueryOpinionService) parsing /opt/ghidra/Ghidra/Processors/Atmel/data/languages/avr8.opinion  
2019-04-05 10:11:24 DEBUG (QueryOpinionService) parsing /opt/ghidra/Ghidra/Processors/Atmel/data/languages/avr32.opinion  
2019-04-05 10:11:24 DEBUG (QueryOpinionService) parsing /opt/ghidra/Ghidra/Processors/CR16/data/languages/CR16.opinion  
2019-04-05 10:11:24 DEBUG (QueryOpinionService) parsing /opt/ghidra/Ghidra/Processors/Dalvik/data/languages/Dalvik.opinion  
2019-04-05 10:11:24 DEBUG (QueryOpinionService) parsing /opt/ghidra/Ghidra/Processors/JVM/data/languages/JVM.opinion  
2019-04-05 10:11:24 DEBUG (QueryOpinionService) parsing /opt/ghidra/Ghidra/Processors/MIPS/data/languages/MIPS.opinion  
2019-04-05 10:11:24 DEBUG (QueryOpinionService) parsing /opt/ghidra/Ghidra/Processors/PA-RISC/data/languages/pa-risc.opinion  
2019-04-05 10:11:24 DEBUG (QueryOpinionService) parsing /opt/ghidra/Ghidra/Processors/PIC/data/languages/PIC24.opinion  
2019-04-05 10:11:24 DEBUG (QueryOpinionService) parsing /opt/ghidra/Ghidra/Processors/PowerPC/data/languages/PowerPC.opinion  
2019-04-05 10:11:24 DEBUG (QueryOpinionService) parsing /opt/ghidra/Ghidra/Processors/Sparc/data/languages/Sparc.opinion  
2019-04-05 10:11:24 DEBUG (QueryOpinionService) parsing /opt/ghidra/Ghidra/Processors/TI_MSP430/data/languages/ti_msp430.opinion  
2019-04-05 10:11:24 DEBUG (QueryOpinionService) parsing /opt/ghidra/Ghidra/Processors/x86/data/languages/x86.opinion  
2019-04-05 10:11:30 DEBUG (ElfHeader$$EnhancerByCGLIB$$167a4444) Elf symbol table section .dynsym linked to string table section .dynstr  
2019-04-05 10:11:30 DEBUG (ElfProgramBuilder) Loading block .dynamic at 00301f20 from file offset 7968  
2019-04-05 10:11:30 DEBUG (ElfProgramBuilder) Loading block .eh_frame at 00101690 from file offset 5776  
2019-04-05 10:11:30 DEBUG (ElfProgramBuilder) Loading block .eh_frame_hdr at 00101624 from file offset 5668  
2019-04-05 10:11:30 DEBUG (ElfProgramBuilder) Loading block .rodata at 00100c48 from file offset 3144  
2019-04-05 10:11:30 DEBUG (ElfProgramBuilder) Loading block .text at 001002b1 from file offset 689  
2019-04-05 10:11:30 DEBUG (ElfProgramBuilder) Loading block .dynstr at 001002b0 from file offset 688  
2019-04-05 10:11:30 DEBUG (ElfProgramBuilder) Loading block .dynsym at 00100298 from file offset 664  
2019-04-05 10:11:30 DEBUG (ElfProgramBuilder) Loading block .gnu.hash at 00100278 from file offset 632  
2019-04-05 10:11:30 DEBUG (ElfProgramBuilder) Loading block .note.gnu.build-id at 00100254 from file offset 596  
2019-04-05 10:11:30 DEBUG (ElfProgramBuilder) Loading block .interp at 00100238 from file offset 568  
2019-04-05 10:11:30 DEBUG (ElfProgramBuilder) Loading block segment_2.1 at 00100000 from file offset 0  
2019-04-05 10:11:30 DEBUG (ElfProgramBuilder) Loading block segment_2.5 at 00100294 from file offset 660  
2019-04-05 10:11:30 DEBUG (ElfProgramBuilder) Loading block segment_2.10 at 00101623 from file offset 5667  
2019-04-05 10:11:30 DEBUG (ElfProgramBuilder) Loading block .shstrtab at OTHER:00000000 from file offset 8234  
2019-04-05 10:11:30 DEBUG (ElfProgramBuilder) Loading block .comment at OTHER:00000000 from file offset 8192  
2019-04-05 10:11:30 DEBUG (ElfProgramBuilder) Removing discardable alignment/filler segment at 00100294  
2019-04-05 10:11:30 DEBUG (ElfProgramBuilder) Removing discardable alignment/filler segment at 00101623  
2019-04-05 10:11:30 DEBUG (ElfProgramBuilder) Loading block _elfSectionHeaders at OTHER:00000000 from file offset 8360  
2019-04-05 10:11:51 WARN  (PluginPackage) Can't find plugin package for Renoir Graph! Creating stub...  
2019-04-05 10:12:00 DEBUG (ToolTaskManager) Exec Task Auto Analysis  
2019-04-05 10:12:00 WARN  (NoReturnFunctionAnalyzer) Ignoring leading '_' chars on no-return name '_ZN10__cxxabiv111__terminateEPFvvE' specified in file: /opt/ghidra/Ghidra/Features/Base/data/ElfFunctionsThatDoNotReturn  
2019-04-05 10:12:00 DEBUG (ElfHeader$$EnhancerByCGLIB$$167a4444) Elf symbol table section .dynsym linked to string table section .dynstr  
2019-04-05 10:12:01 INFO  (PackedDatabaseCache) Packed database cache: /tmp/valorin-Ghidra/packed-db-cache  
2019-04-05 10:12:01 DEBUG (PackedDatabaseCache) Caching packed database: /opt/ghidra/Ghidra/Features/Base/data/typeinfo/generic/generic_clib_64.gdt  
2019-04-05 10:12:01 DEBUG (PackedDatabase) Unpacking database /opt/ghidra/Ghidra/Features/Base/data/typeinfo/generic/generic_clib_64.gdt -> /tmp/valorin-Ghidra/packed-db-cache/pdbA45C0243/db.1.gbf  
2019-04-05 10:12:01 DEBUG (PackedDatabaseCache) Cache update completed: /opt/ghidra/Ghidra/Features/Base/data/typeinfo/generic/generic_clib_64.gdt  
2019-04-05 10:12:02 INFO  (AutoAnalysisManager) -----------------------------------------------------
    ASCII Strings                              0.495 secs
    Apply Data Archives                        0.481 secs
    Call Convention Identification             0.002 secs
    Call-Fixup Installer                       0.003 secs
    Create Address Tables                      0.010 secs
    Create Function                            0.006 secs
    DWARF                                      0.018 secs
    Data Reference                             0.008 secs
    Decompiler Switch Analysis                 0.002 secs
    Demangler                                  0.022 secs
    Disassemble Entry Points                   0.198 secs
    ELF Scalar Operand References              0.019 secs
    Embedded Media                             0.016 secs
    External Entry References                  0.001 secs
    Function ID                                0.044 secs
    Function Start Search                      0.025 secs
    Function Start Search After Code           0.000 secs
    Function Start Search After Data           0.001 secs
    GCC Exception Handlers                     0.102 secs
    Non-Returning Functions - Discovered       0.035 secs
    Non-Returning Functions - Known            0.002 secs
    Reference                                  0.008 secs
    Shared Return Calls                        0.001 secs
    Stack                                      0.158 secs
    Subroutine References                      0.005 secs
    x86 Constant Reference Analyzer            0.127 secs
-----------------------------------------------------
     Total Time   1 secs
-----------------------------------------------------
  
2019-04-05 10:12:02 DEBUG (ToolTaskManager)   task finish (1.817 secs)  
2019-04-05 10:12:02 DEBUG (ToolTaskManager)     Queue - Auto Analysis  
2019-04-05 10:12:02 DEBUG (ToolTaskManager)    (0.0 secs)  
2019-04-05 10:12:02 DEBUG (ToolTaskManager)   task Complete (1.819 secs)  
2019-04-05 10:15:12 INFO  (RecoveryMgr) Fri Apr 05 10:15:12 MST 2019 Recovery snapshot created: /home/valorin/workon/gissa2.rep/idata/00/~00000000.db/snapshotA.grf  
2019-04-06 11:21:39 INFO  (LoggingInitialization) Using log config file: jar:file:/opt/ghidra/Ghidra/Framework/Generic/lib/Generic.jar!/generic.log4j.xml  
2019-04-06 11:21:39 INFO  (LoggingInitialization) Using log file: /home/valorin/.ghidra/.ghidra-9.0.1/application.log  
2019-04-06 11:21:39 INFO  (Preferences) Loading user preferences: /home/valorin/.ghidra/.ghidra-9.0.1/preferences  
2019-04-06 11:21:41 INFO  (ClassSearcher) Class search complete (1321 ms)  
2019-04-06 11:21:41 INFO  (SSLContextInitializer) Initializing SSL Context  
2019-04-06 11:21:41 INFO  (SecureRandomFactory) Initializing Random Number Generator...  
2019-04-06 11:21:41 INFO  (SecureRandomFactory) Random Number Generator initialization complete: NativePRNGNonBlocking  
2019-04-06 11:21:41 INFO  (ApplicationTrustManagerFactory) Trust manager disabled, cacerts have not been set  
2019-04-06 11:21:41 INFO  (GhidraRun) User valorin started Ghidra.  
2019-04-06 11:21:42 DEBUG (RecoverySnapshotMgrPlugin) Recovery snapshot timer set to 5 minute(s)  
2019-04-06 11:21:42 INFO  (DefaultProject) Opening project: /home/valorin/workon/gissa2  
2019-04-06 11:21:45 INFO  (PackedDatabaseCache) Packed database cache: /tmp/valorin-Ghidra/packed-db-cache  
2019-04-06 11:21:45 DEBUG (PackedDatabaseCache) Caching packed database: /opt/ghidra/Ghidra/Features/Base/data/typeinfo/generic/generic_clib_64.gdt  
2019-04-06 11:21:45 DEBUG (PackedDatabase) Unpacking database /opt/ghidra/Ghidra/Features/Base/data/typeinfo/generic/generic_clib_64.gdt -> /tmp/valorin-Ghidra/packed-db-cache/pdb7EF4E3C2/db.1.gbf  
2019-04-06 11:21:45 DEBUG (PackedDatabaseCache) Cache update completed: /opt/ghidra/Ghidra/Features/Base/data/typeinfo/generic/generic_clib_64.gdt  
2019-04-06 11:21:59 DEBUG (ToolTaskManager) Exec Task Auto Analysis  
2019-04-06 11:21:59 WARN  (NoReturnFunctionAnalyzer) Ignoring leading '_' chars on no-return name '_ZN10__cxxabiv111__terminateEPFvvE' specified in file: /opt/ghidra/Ghidra/Features/Base/data/ElfFunctionsThatDoNotReturn  
2019-04-06 11:22:00 DEBUG (ElfHeader$$EnhancerByCGLIB$$cb7254ea) Elf symbol table section .dynsym linked to string table section .dynstr  
2019-04-06 11:22:02 INFO  (AutoAnalysisManager) -----------------------------------------------------
    ASCII Strings                              0.539 secs
    Apply Data Archives                        0.521 secs
    Call Convention Identification             0.001 secs
    Call-Fixup Installer                       0.005 secs
    Create Address Tables                      0.010 secs
    Create Function                            0.011 secs
    DWARF                                      0.255 secs
    Data Reference                             0.005 secs
    Decompiler Switch Analysis                 0.003 secs
    Demangler                                  0.035 secs
    Disassemble Entry Points                   0.239 secs
    ELF Scalar Operand References              0.016 secs
    Embedded Media                             0.019 secs
    External Entry References                  0.001 secs
    Function ID                                0.121 secs
    Function Start Search                      0.033 secs
    Function Start Search After Code           0.001 secs
    Function Start Search After Data           0.001 secs
    GCC Exception Handlers                     0.100 secs
    Non-Returning Functions - Discovered       0.065 secs
    Non-Returning Functions - Known            0.011 secs
    Reference                                  0.007 secs
    Shared Return Calls                        0.003 secs
    Stack                                      0.178 secs
    Subroutine References                      0.004 secs
    x86 Constant Reference Analyzer            0.157 secs
-----------------------------------------------------
     Total Time   2 secs
-----------------------------------------------------
  
2019-04-06 11:22:02 DEBUG (ToolTaskManager)   task finish (2.532 secs)  
2019-04-06 11:22:02 DEBUG (ToolTaskManager)     Queue - Auto Analysis  
2019-04-06 11:22:02 DEBUG (ToolTaskManager)    (0.0 secs)  
2019-04-06 11:22:02 DEBUG (ToolTaskManager)   task Complete (2.535 secs)  
2019-04-06 11:25:53 DEBUG (ToolManagerImpl) Loaded Untitled  
2019-04-06 11:26:48 INFO  (RecoveryMgr) Sat Apr 06 11:26:48 MST 2019 Recovery snapshot created: /home/valorin/workon/gissa2.rep/idata/00/~00000000.db/snapshotA.grf  
2019-04-06 11:27:23 INFO  (FileCache) Starting cache cleanup: /tmp/valorin-Ghidra/fscache  
2019-04-06 11:27:23 INFO  (FileCache) Finished cache cleanup, estimated storage used: 0  
2019-04-06 11:27:29 INFO  (LoggingInitialization) Using log config file: jar:file:/opt/ghidra/Ghidra/Framework/Generic/lib/Generic.jar!/generic.log4j.xml  
2019-04-06 11:27:29 INFO  (LoggingInitialization) Using log file: /home/valorin/.ghidra/.ghidra-9.0.1/application.log  
2019-04-06 11:27:29 INFO  (Preferences) Loading user preferences: /home/valorin/.ghidra/.ghidra-9.0.1/preferences  
2019-04-06 11:27:31 INFO  (ClassSearcher) Class search complete (1119 ms)  
2019-04-06 11:27:31 INFO  (SSLContextInitializer) Initializing SSL Context  
2019-04-06 11:27:31 INFO  (SecureRandomFactory) Initializing Random Number Generator...  
2019-04-06 11:27:31 INFO  (SecureRandomFactory) Random Number Generator initialization complete: NativePRNGNonBlocking  
2019-04-06 11:27:31 INFO  (ApplicationTrustManagerFactory) Trust manager disabled, cacerts have not been set  
2019-04-06 11:27:31 INFO  (GhidraRun) User valorin started Ghidra.  
2019-04-06 11:27:32 DEBUG (RecoverySnapshotMgrPlugin) Recovery snapshot timer set to 5 minute(s)  
2019-04-06 11:27:32 INFO  (DefaultProject) Opening project: /home/valorin/workon/gissa2  
2019-04-06 11:27:35 INFO  (PackedDatabaseCache) Packed database cache: /tmp/valorin-Ghidra/packed-db-cache  
2019-04-06 11:27:35 DEBUG (PackedDatabaseCache) Using cached packed database: /opt/ghidra/Ghidra/Features/Base/data/typeinfo/generic/generic_clib_64.gdt  
2019-04-06 11:32:38 INFO  (RecoveryMgr) Sat Apr 06 11:32:38 MST 2019 Recovery snapshot created: /home/valorin/workon/gissa2.rep/idata/00/~00000000.db/snapshotA.grf  
